<?xml version="1.0" encoding="UTF-8"?>
<!-- Generated by org.testng.reporters.JUnitReportReporter -->
<testsuite skipped="0" hostname="TJ" name="testNG.Sample" tests="2" failures="0" timestamp="2021-04-19T08:19:31 IST" time="0.013" errors="0">
  <testcase name="b" time="0.011" classname="testNG.Sample"/>
  <system-out/>
  <testcase name="a" time="0.002" classname="testNG.Sample"/>
  <system-out/>
</testsuite> <!-- testNG.Sample -->
